# JRE version: Java(TM) SE Runtime Environment (15.0.1+9) (build 15.0.1+9-18)
# Java VM: Java HotSpot(TM) 64-Bit Server VM (15.0.1+9-18, mixed mode, sharing, tiered, compressed oops, g1 gc, windows-amd64)
GC Precious Log:
 CPUs: 24 total, 24 available
 Memory: 32674M
 Large Page Support: Disabled
 NUMA Support: Disabled
 Compressed Oops: Enabled (Zero based)
 Heap Region Size: 4M
 Heap Min Capacity: 8M
 Heap Initial Capacity: 512M
 Heap Max Capacity: 8172M
 Pre-touch: Disabled
 Parallel Workers: 18
 Concurrent Workers: 5
 Concurrent Refinement Workers: 18
 Periodic GC: Disabled
Heap:
 garbage-first heap   total 524288K, used 265165K [0x0000000601400000, 0x0000000800000000)
  region size 4096K, 65 young (266240K), 1 survivors (4096K)
 Metaspace       used 14982K, capacity 15237K, committed 15488K, reserved 1062912K
  class space    used 1727K, capacity 1811K, committed 1920K, reserved 1048576K
GC Heap History (20 events):
Event: 10.982 GC heap before
{Heap before GC invocations=14 (full 0):
 garbage-first heap   total 524288K, used 314229K [0x0000000601400000, 0x0000000800000000)
  region size 4096K, 76 young (311296K), 1 survivors (4096K)
 Metaspace       used 14841K, capacity 15109K, committed 15232K, reserved 1062912K
  class space    used 1726K, capacity 1811K, committed 1920K, reserved 1048576K
}
Event: 10.983 GC heap after
{Heap after GC invocations=15 (full 0):
 garbage-first heap   total 524288K, used 7033K [0x0000000601400000, 0x0000000800000000)
  region size 4096K, 1 young (4096K), 1 survivors (4096K)
 Metaspace       used 14841K, capacity 15109K, committed 15232K, reserved 1062912K
  class space    used 1726K, capacity 1811K, committed 1920K, reserved 1048576K
}
Event: 11.419 GC heap before
{Heap before GC invocations=15 (full 0):
 garbage-first heap   total 524288K, used 314233K [0x0000000601400000, 0x0000000800000000)
  region size 4096K, 76 young (311296K), 1 survivors (4096K)
 Metaspace       used 14852K, capacity 15109K, committed 15232K, reserved 1062912K
  class space    used 1726K, capacity 1811K, committed 1920K, reserved 1048576K
}
Event: 11.420 GC heap after
{Heap after GC invocations=16 (full 0):
 garbage-first heap   total 524288K, used 7029K [0x0000000601400000, 0x0000000800000000)
  region size 4096K, 1 young (4096K), 1 survivors (4096K)
 Metaspace       used 14852K, capacity 15109K, committed 15232K, reserved 1062912K
  class space    used 1726K, capacity 1811K, committed 1920K, reserved 1048576K
}
Event: 11.872 GC heap before
{Heap before GC invocations=16 (full 0):
 garbage-first heap   total 524288K, used 314229K [0x0000000601400000, 0x0000000800000000)
  region size 4096K, 76 young (311296K), 1 survivors (4096K)
 Metaspace       used 14852K, capacity 15109K, committed 15232K, reserved 1062912K
  class space    used 1726K, capacity 1811K, committed 1920K, reserved 1048576K
}
Event: 11.873 GC heap after
{Heap after GC invocations=17 (full 0):
 garbage-first heap   total 524288K, used 7095K [0x0000000601400000, 0x0000000800000000)
  region size 4096K, 1 young (4096K), 1 survivors (4096K)
 Metaspace       used 14852K, capacity 15109K, committed 15232K, reserved 1062912K
  class space    used 1726K, capacity 1811K, committed 1920K, reserved 1048576K
}
Event: 12.331 GC heap before
{Heap before GC invocations=17 (full 0):
 garbage-first heap   total 524288K, used 314295K [0x0000000601400000, 0x0000000800000000)
  region size 4096K, 76 young (311296K), 1 survivors (4096K)
 Metaspace       used 14855K, capacity 15109K, committed 15232K, reserved 1062912K
  class space    used 1726K, capacity 1811K, committed 1920K, reserved 1048576K
}
Event: 12.331 GC heap after
{Heap after GC invocations=18 (full 0):
 garbage-first heap   total 524288K, used 7079K [0x0000000601400000, 0x0000000800000000)
  region size 4096K, 1 young (4096K), 1 survivors (4096K)
 Metaspace       used 14855K, capacity 15109K, committed 15232K, reserved 1062912K
  class space    used 1726K, capacity 1811K, committed 1920K, reserved 1048576K
}
Event: 12.788 GC heap before
{Heap before GC invocations=18 (full 0):
 garbage-first heap   total 524288K, used 314279K [0x0000000601400000, 0x0000000800000000)
  region size 4096K, 76 young (311296K), 1 survivors (4096K)
 Metaspace       used 14870K, capacity 15173K, committed 15488K, reserved 1062912K
  class space    used 1726K, capacity 1811K, committed 1920K, reserved 1048576K
}
Event: 12.788 GC heap after
{Heap after GC invocations=19 (full 0):
 garbage-first heap   total 524288K, used 7098K [0x0000000601400000, 0x0000000800000000)
  region size 4096K, 1 young (4096K), 1 survivors (4096K)
 Metaspace       used 14870K, capacity 15173K, committed 15488K, reserved 1062912K
  class space    used 1726K, capacity 1811K, committed 1920K, reserved 1048576K
}
Event: 13.219 GC heap before
{Heap before GC invocations=19 (full 0):
 garbage-first heap   total 524288K, used 314298K [0x0000000601400000, 0x0000000800000000)
  region size 4096K, 76 young (311296K), 1 survivors (4096K)
 Metaspace       used 14872K, capacity 15173K, committed 15488K, reserved 1062912K
  class space    used 1726K, capacity 1811K, committed 1920K, reserved 1048576K
}
Event: 13.220 GC heap after
{Heap after GC invocations=20 (full 0):
 garbage-first heap   total 524288K, used 7102K [0x0000000601400000, 0x0000000800000000)
  region size 4096K, 1 young (4096K), 1 survivors (4096K)
 Metaspace       used 14872K, capacity 15173K, committed 15488K, reserved 1062912K
  class space    used 1726K, capacity 1811K, committed 1920K, reserved 1048576K
}
Event: 13.697 GC heap before
{Heap before GC invocations=20 (full 0):
 garbage-first heap   total 524288K, used 314302K [0x0000000601400000, 0x0000000800000000)
  region size 4096K, 76 young (311296K), 1 survivors (4096K)
 Metaspace       used 14879K, capacity 15173K, committed 15488K, reserved 1062912K
  class space    used 1726K, capacity 1811K, committed 1920K, reserved 1048576K
}
Event: 13.698 GC heap after
{Heap after GC invocations=21 (full 0):
 garbage-first heap   total 524288K, used 7110K [0x0000000601400000, 0x0000000800000000)
  region size 4096K, 1 young (4096K), 1 survivors (4096K)
 Metaspace       used 14879K, capacity 15173K, committed 15488K, reserved 1062912K
  class space    used 1726K, capacity 1811K, committed 1920K, reserved 1048576K
}
Event: 14.170 GC heap before
{Heap before GC invocations=21 (full 0):
 garbage-first heap   total 524288K, used 314310K [0x0000000601400000, 0x0000000800000000)
  region size 4096K, 76 young (311296K), 1 survivors (4096K)
 Metaspace       used 14898K, capacity 15173K, committed 15488K, reserved 1062912K
  class space    used 1726K, capacity 1811K, committed 1920K, reserved 1048576K
}
Event: 14.170 GC heap after
{Heap after GC invocations=22 (full 0):
 garbage-first heap   total 524288K, used 7110K [0x0000000601400000, 0x0000000800000000)
  region size 4096K, 1 young (4096K), 1 survivors (4096K)
 Metaspace       used 14898K, capacity 15173K, committed 15488K, reserved 1062912K
  class space    used 1726K, capacity 1811K, committed 1920K, reserved 1048576K
}
Event: 14.656 GC heap before
{Heap before GC invocations=22 (full 0):
 garbage-first heap   total 524288K, used 314310K [0x0000000601400000, 0x0000000800000000)
  region size 4096K, 76 young (311296K), 1 survivors (4096K)
 Metaspace       used 14903K, capacity 15173K, committed 15488K, reserved 1062912K
  class space    used 1726K, capacity 1811K, committed 1920K, reserved 1048576K
}
Event: 14.657 GC heap after
{Heap after GC invocations=23 (full 0):
 garbage-first heap   total 524288K, used 7119K [0x0000000601400000, 0x0000000800000000)
  region size 4096K, 1 young (4096K), 1 survivors (4096K)
 Metaspace       used 14903K, capacity 15173K, committed 15488K, reserved 1062912K
  class space    used 1726K, capacity 1811K, committed 1920K, reserved 1048576K
}
Event: 15.112 GC heap before
{Heap before GC invocations=23 (full 0):
 garbage-first heap   total 524288K, used 314319K [0x0000000601400000, 0x0000000800000000)
  region size 4096K, 76 young (311296K), 1 survivors (4096K)
 Metaspace       used 14915K, capacity 15173K, committed 15488K, reserved 1062912K
  class space    used 1726K, capacity 1811K, committed 1920K, reserved 1048576K
}
Event: 15.113 GC heap after
{Heap after GC invocations=24 (full 0):
 garbage-first heap   total 524288K, used 7117K [0x0000000601400000, 0x0000000800000000)
  region size 4096K, 1 young (4096K), 1 survivors (4096K)
 Metaspace       used 14915K, capacity 15173K, committed 15488K, reserved 1062912K
  class space    used 1726K, capacity 1811K, committed 1920K, reserved 1048576K
}

